TOKEN: T_PROG           LEXEME: program
N_PROGLBL -> T_PROG

___Entering new scope...

TOKEN: T_IDENT          LEXEME: p
TOKEN: T_SCOLON         LEXEME: ;
N_PROG -> N_PROGLBL T_IDENT T_SCOLON N_BLOCK T_DOT
___Adding p to symbol table with type PROGRAM
TOKEN: T_VAR            LEXEME: var
TOKEN: T_IDENT          LEXEME: A
N_IDENT -> T_IDENT
TOKEN: T_COLON          LEXEME: :
N_IDENTLST -> epsilon
TOKEN: T_ARRAY          LEXEME: array
TOKEN: T_LBRACK         LEXEME: [
TOKEN: T_INTCONST       LEXEME: 5
N_SIGN -> epsilon
N_INTCONST -> N_SIGN T_INTCONST
N_IDX -> N_INTCONST
TOKEN: T_DOTDOT         LEXEME: ..
TOKEN: T_INTCONST       LEXEME: 10
N_SIGN -> epsilon
N_INTCONST -> N_SIGN T_INTCONST
N_IDX -> N_INTCONST
N_IDXRANGE -> N_IDX T_DOTDOT N_IDX
TOKEN: T_RBRACK         LEXEME: ]
TOKEN: T_OF             LEXEME: of
TOKEN: T_INT            LEXEME: integer
N_SIMPLE -> T_INT
N_ARRAY -> T_ARRAY T_LBRACK N_IDXRANGE T_RBRACK T_OF N_SIMPLE
N_TYPE -> N_ARRAY
N_VARDEC -> N_IDENT N_IDENTLST T_COLON N_TYPE
___Adding A to symbol table with type ARRAY 5 .. 10 OF INTEGER
TOKEN: T_SCOLON         LEXEME: ;
TOKEN: T_IDENT          LEXEME: x
N_IDENT -> T_IDENT
TOKEN: T_COLON          LEXEME: :
N_IDENTLST -> epsilon
TOKEN: T_BOOL           LEXEME: boolean
N_SIMPLE -> T_BOOL
N_TYPE -> N_SIMPLE
N_VARDEC -> N_IDENT N_IDENTLST T_COLON N_TYPE
___Adding x to symbol table with type BOOLEAN
TOKEN: T_SCOLON         LEXEME: ;
TOKEN: T_BEGIN          LEXEME: begin
N_VARDECLST -> epsilon
N_VARDECLST -> N_VARDEC T_SCOLON N_VARDECLST
N_VARDECPART -> T_VAR N_VARDEC T_SCOLON N_VARDECLST
N_PROCDECPART -> epsilon
TOKEN: T_IDENT          LEXEME: A
TOKEN: T_LBRACK         LEXEME: [
N_VARIDENT -> T_IDENT
N_ENTIREVAR -> N_VARIDENT
N_ARRAYVAR -> N_ENTIREVAR
TOKEN: T_IDENT          LEXEME: x
N_SIGN -> epsilon
N_VARIDENT -> T_IDENT
N_ENTIREVAR -> N_VARIDENT
TOKEN: T_RBRACK         LEXEME: ]
N_VARIABLE -> N_ENTIREVAR
N_FACTOR -> N_SIGN N_VARIABLE
N_MULTOPLST -> epsilon
N_TERM -> N_FACTOR N_MULTOPLST
N_ADDOPLST -> epsilon
N_SIMPLEEXPR -> N_TERM N_ADDOPLST
N_EXPR -> N_SIMPLEEXPR
N_IDXVAR -> N_ARRAYVAR T_LBRACK N_EXPR T_RBRACK
Line 11: Index expression must be of type integer
