TOKEN: T_PROG           LEXEME: program
N_PROGLBL -> T_PROG

___Entering new scope...

TOKEN: T_IDENT          LEXEME: p
TOKEN: T_SCOLON         LEXEME: ;
N_PROG -> N_PROGLBL T_IDENT T_SCOLON N_BLOCK T_DOT
___Adding p to symbol table with type PROGRAM
TOKEN: T_VAR            LEXEME: var
TOKEN: T_IDENT          LEXEME: i
N_IDENT -> T_IDENT
TOKEN: T_COLON          LEXEME: :
N_IDENTLST -> epsilon
TOKEN: T_INT            LEXEME: integer
N_SIMPLE -> T_INT
N_TYPE -> N_SIMPLE
N_VARDEC -> N_IDENT N_IDENTLST T_COLON N_TYPE
___Adding i to symbol table with type INTEGER
TOKEN: T_SCOLON         LEXEME: ;
TOKEN: T_IDENT          LEXEME: c
N_IDENT -> T_IDENT
TOKEN: T_COLON          LEXEME: :
N_IDENTLST -> epsilon
TOKEN: T_CHAR           LEXEME: char
N_SIMPLE -> T_CHAR
N_TYPE -> N_SIMPLE
N_VARDEC -> N_IDENT N_IDENTLST T_COLON N_TYPE
___Adding c to symbol table with type CHAR
TOKEN: T_SCOLON         LEXEME: ;
TOKEN: T_BEGIN          LEXEME: begin
N_VARDECLST -> epsilon
N_VARDECLST -> N_VARDEC T_SCOLON N_VARDECLST
N_VARDECPART -> T_VAR N_VARDEC T_SCOLON N_VARDECLST
N_PROCDECPART -> epsilon
TOKEN: T_IDENT          LEXEME: i
TOKEN: T_ASSIGN         LEXEME: :=
N_VARIDENT -> T_IDENT
N_ENTIREVAR -> N_VARIDENT
N_VARIABLE -> N_ENTIREVAR
TOKEN: T_INTCONST       LEXEME: 5
N_SIGN -> epsilon
N_INTCONST -> N_SIGN T_INTCONST
N_CONST -> N_INTCONST
N_FACTOR -> N_CONST
TOKEN: T_DIV            LEXEME: div
N_MULTOP_ARITH -> T_DIV
N_MULTOP -> N_MULTOP_ARITH
TOKEN: T_IDENT          LEXEME: c
N_SIGN -> epsilon
N_VARIDENT -> T_IDENT
N_ENTIREVAR -> N_VARIDENT
TOKEN: T_SCOLON         LEXEME: ;
N_VARIABLE -> N_ENTIREVAR
N_FACTOR -> N_SIGN N_VARIABLE
N_MULTOPLST -> epsilon
N_MULTOPLST -> N_MULTOP N_FACTOR N_MULTOPLST
Line 11: Expression must be of type integer
