TOKEN: T_PROG           LEXEME: program
N_PROGLBL -> T_PROG

___Entering new scope...

TOKEN: T_IDENT          LEXEME: p
TOKEN: T_SCOLON         LEXEME: ;
N_PROG -> N_PROGLBL T_IDENT T_SCOLON N_BLOCK T_DOT
___Adding p to symbol table with type PROGRAM
TOKEN: T_VAR            LEXEME: var
TOKEN: T_IDENT          LEXEME: x
N_IDENT -> T_IDENT
TOKEN: T_COLON          LEXEME: :
N_IDENTLST -> epsilon
TOKEN: T_INT            LEXEME: integer
N_SIMPLE -> T_INT
N_TYPE -> N_SIMPLE
N_VARDEC -> N_IDENT N_IDENTLST T_COLON N_TYPE
___Adding x to symbol table with type INTEGER
TOKEN: T_SCOLON         LEXEME: ;
TOKEN: T_BEGIN          LEXEME: begin
N_VARDECLST -> epsilon
N_VARDECPART -> T_VAR N_VARDEC T_SCOLON N_VARDECLST
N_PROCDECPART -> epsilon
TOKEN: T_IF             LEXEME: if
TOKEN: T_LPAREN         LEXEME: (
TOKEN: T_IDENT          LEXEME: x
N_SIGN -> epsilon
N_VARIDENT -> T_IDENT
N_ENTIREVAR -> N_VARIDENT
TOKEN: T_DIV            LEXEME: div
N_VARIABLE -> N_ENTIREVAR
N_FACTOR -> N_SIGN N_VARIABLE
N_MULTOP_ARITH -> T_DIV
N_MULTOP -> N_MULTOP_ARITH
TOKEN: T_INTCONST       LEXEME: 10
N_SIGN -> epsilon
N_INTCONST -> N_SIGN T_INTCONST
N_CONST -> N_INTCONST
N_FACTOR -> N_CONST
TOKEN: T_RPAREN         LEXEME: )
N_MULTOPLST -> epsilon
N_MULTOPLST -> N_MULTOP N_FACTOR N_MULTOPLST
N_TERM -> N_FACTOR N_MULTOPLST
N_ADDOPLST -> epsilon
N_SIMPLEEXPR -> N_TERM N_ADDOPLST
N_EXPR -> N_SIMPLEEXPR
N_FACTOR -> T_LPAREN N_EXPR T_RPAREN
TOKEN: T_THEN           LEXEME: then
N_MULTOPLST -> epsilon
N_TERM -> N_FACTOR N_MULTOPLST
N_ADDOPLST -> epsilon
N_SIMPLEEXPR -> N_TERM N_ADDOPLST
N_EXPR -> N_SIMPLEEXPR
TOKEN: T_WRITE          LEXEME: write
TOKEN: T_LPAREN         LEXEME: (
TOKEN: T_CHARCONST      LEXEME: 't'
N_CONST -> T_CHARCONST
N_FACTOR -> N_CONST
TOKEN: T_RPAREN         LEXEME: )
N_MULTOPLST -> epsilon
N_TERM -> N_FACTOR N_MULTOPLST
N_ADDOPLST -> epsilon
N_SIMPLEEXPR -> N_TERM N_ADDOPLST
N_EXPR -> N_SIMPLEEXPR
N_OUTPUT -> N_EXPR
N_OUTPUTLST -> epsilon
N_WRITE -> T_WRITE T_LPAREN N_OUTPUT N_OUTPUTLST T_RPAREN
N_STMT -> N_WRITE
TOKEN: T_SCOLON         LEXEME: ;
N_CONDITION -> T_IF N_EXPR T_THEN N_STMT
Line 8: Expression must be of type boolean
